Arguments: 
  D:\Program Files\nodejs\node.exe C:\Users\cxs\AppData\Roaming\npm\node_modules\yarn\bin\yarn.js install

PATH: 
  C:\Windows\system32;C:\Windows;C:\Windows\System32\Wbem;C:\Windows\System32\WindowsPowerShell\v1.0\;C:\Windows\System32\OpenSSH\;D:\Git\cmd;D:\Python27;D:\Program Files\nodejs;C:\Users\cxs\AppData\Local\Microsoft\WindowsApps;;D:\VSCode\bin;C:\Users\cxs\AppData\Local\Pandoc\;C:\Users\cxs\AppData\Roaming\npm

Yarn version: 
  1.22.18

Node version: 
  16.15.0

Platform: 
  win32 x64

Trace: 
  Error: connect ETIMEDOUT 192.168.252.160:4873
      at TCPConnectWrap.afterConnect [as oncomplete] (node:net:1187:16)

npm manifest: 
  {
    "name": "homework8",
    "version": "1.0.0",
    "description": "",
    "main": "index.js",
    "scripts": {
      "test": "jest"
    },
    "author": "ccpro",
    "license": "MIT",
    "devDependencies": {
      "jest": "^28.1.3"
    }
  }

yarn manifest: 
  No manifest

Lockfile: 
  No lockfile
